# JRE version: Java(TM) SE Runtime Environment (20.0+36) (build 20+36-2344)
# Java VM: Java HotSpot(TM) 64-Bit Server VM (20+36-2344, mixed mode, sharing, tiered, compressed oops, compressed class ptrs, g1 gc, windows-amd64)
GC Precious Log:
 CardTable entry size: 512
 Card Set container configuration: InlinePtr #cards 5 size 8 Array Of Cards #cards 12 size 40 Howl #buckets 4 coarsen threshold 1843 Howl Bitmap #cards 512 size 80 coarsen threshold 460 Card regions per heap region 1 cards per card region 2048
 CPUs: 12 total, 12 available
 Memory: 16163M
 Large Page Support: Disabled
 NUMA Support: Disabled
 Compressed Oops: Enabled (32-bit)
 Heap Region Size: 1M
 Heap Min Capacity: 8M
 Heap Initial Capacity: 254M
 Heap Max Capacity: 2G
 Pre-touch: Disabled
 Parallel Workers: 10
 Concurrent Workers: 3
 Concurrent Refinement Workers: 10
 Periodic GC: Disabled
Heap:
 garbage-first heap   total 81920K, used 37467K [0x0000000080000000, 0x0000000100000000)
  region size 1024K, 28 young (28672K), 12 survivors (12288K)
 Metaspace       used 22661K, committed 23488K, reserved 487424K
  class space    used 3368K, committed 3776K, reserved 421888K
GC Heap History (6 events):
Event: 1.437 GC heap before
{Heap before GC invocations=0 (full 0):
 garbage-first heap   total 260096K, used 26624K [0x0000000080000000, 0x0000000100000000)
  region size 1024K, 23 young (23552K), 0 survivors (0K)
 Metaspace       used 3013K, committed 3200K, reserved 487424K
  class space    used 380K, committed 448K, reserved 421888K
}
Event: 1.985 GC heap after
{Heap after GC invocations=1 (full 0):
 garbage-first heap   total 260096K, used 10211K [0x0000000080000000, 0x0000000100000000)
  region size 1024K, 3 young (3072K), 3 survivors (3072K)
 Metaspace       used 3013K, committed 3200K, reserved 487424K
  class space    used 380K, committed 448K, reserved 421888K
}
Event: 8.120 GC heap before
{Heap before GC invocations=1 (full 0):
 garbage-first heap   total 260096K, used 39907K [0x0000000080000000, 0x0000000100000000)
  region size 1024K, 32 young (32768K), 3 survivors (3072K)
 Metaspace       used 3951K, committed 4160K, reserved 487424K
  class space    used 472K, committed 576K, reserved 421888K
}
Event: 8.129 GC heap after
{Heap after GC invocations=2 (full 0):
 garbage-first heap   total 260096K, used 14252K [0x0000000080000000, 0x0000000100000000)
  region size 1024K, 4 young (4096K), 4 survivors (4096K)
 Metaspace       used 3951K, committed 4160K, reserved 487424K
  class space    used 472K, committed 576K, reserved 421888K
}
Event: 39.419 GC heap before
{Heap before GC invocations=2 (full 0):
 garbage-first heap   total 260096K, used 104364K [0x0000000080000000, 0x0000000100000000)
  region size 1024K, 93 young (95232K), 4 survivors (4096K)
 Metaspace       used 20779K, committed 21504K, reserved 487424K
  class space    used 3034K, committed 3392K, reserved 421888K
}
Event: 39.705 GC heap after
{Heap after GC invocations=3 (full 0):
 garbage-first heap   total 260096K, used 22107K [0x0000000080000000, 0x0000000100000000)
  region size 1024K, 12 young (12288K), 12 survivors (12288K)
 Metaspace       used 20779K, committed 21504K, reserved 487424K
  class space    used 3034K, committed 3392K, reserved 421888K
}

