# JRE version: Java(TM) SE Runtime Environment (20.0+36) (build 20+36-2344)
# Java VM: Java HotSpot(TM) 64-Bit Server VM (20+36-2344, mixed mode, sharing, tiered, compressed oops, compressed class ptrs, g1 gc, windows-amd64)
GC Precious Log:
 CardTable entry size: 512
 Card Set container configuration: InlinePtr #cards 5 size 8 Array Of Cards #cards 12 size 40 Howl #buckets 4 coarsen threshold 1843 Howl Bitmap #cards 512 size 80 coarsen threshold 460 Card regions per heap region 1 cards per card region 2048
 CPUs: 12 total, 12 available
 Memory: 16163M
 Large Page Support: Disabled
 NUMA Support: Disabled
 Compressed Oops: Enabled (32-bit)
 Heap Region Size: 1M
 Heap Min Capacity: 8M
 Heap Initial Capacity: 254M
 Heap Max Capacity: 2G
 Pre-touch: Disabled
 Parallel Workers: 10
 Concurrent Workers: 3
 Concurrent Refinement Workers: 10
 Periodic GC: Disabled
Heap:
 garbage-first heap   total 86016K, used 28015K [0x0000000080000000, 0x0000000100000000)
  region size 1024K, 18 young (18432K), 12 survivors (12288K)
 Metaspace       used 21230K, committed 22016K, reserved 487424K
  class space    used 3124K, committed 3520K, reserved 421888K
GC Heap History (6 events):
Event: 5.123 GC heap before
{Heap before GC invocations=0 (full 0):
 garbage-first heap   total 260096K, used 26624K [0x0000000080000000, 0x0000000100000000)
  region size 1024K, 23 young (23552K), 0 survivors (0K)
 Metaspace       used 3022K, committed 3200K, reserved 487424K
  class space    used 380K, committed 448K, reserved 421888K
}
Event: 6.277 GC heap after
{Heap after GC invocations=1 (full 0):
 garbage-first heap   total 260096K, used 10533K [0x0000000080000000, 0x0000000100000000)
  region size 1024K, 3 young (3072K), 3 survivors (3072K)
 Metaspace       used 3022K, committed 3200K, reserved 487424K
  class space    used 380K, committed 448K, reserved 421888K
}
Event: 8.239 GC heap before
{Heap before GC invocations=1 (full 0):
 garbage-first heap   total 260096K, used 40229K [0x0000000080000000, 0x0000000100000000)
  region size 1024K, 32 young (32768K), 3 survivors (3072K)
 Metaspace       used 3969K, committed 4160K, reserved 487424K
  class space    used 476K, committed 576K, reserved 421888K
}
Event: 8.246 GC heap after
{Heap after GC invocations=2 (full 0):
 garbage-first heap   total 260096K, used 14986K [0x0000000080000000, 0x0000000100000000)
  region size 1024K, 4 young (4096K), 4 survivors (4096K)
 Metaspace       used 3969K, committed 4160K, reserved 487424K
  class space    used 476K, committed 576K, reserved 421888K
}
Event: 52.343 GC heap before
{Heap before GC invocations=2 (full 0):
 garbage-first heap   total 260096K, used 103050K [0x0000000080000000, 0x0000000100000000)
  region size 1024K, 91 young (93184K), 4 survivors (4096K)
 Metaspace       used 20772K, committed 21504K, reserved 487424K
  class space    used 3023K, committed 3392K, reserved 421888K
}
Event: 53.850 GC heap after
{Heap after GC invocations=3 (full 0):
 garbage-first heap   total 260096K, used 22895K [0x0000000080000000, 0x0000000100000000)
  region size 1024K, 12 young (12288K), 12 survivors (12288K)
 Metaspace       used 20772K, committed 21504K, reserved 487424K
  class space    used 3023K, committed 3392K, reserved 421888K
}

